# JRE version: Java(TM) SE Runtime Environment (7.0_67-b01) (build 1.7.0_67-b01)
# Java VM: Java HotSpot(TM) 64-Bit Server VM (24.65-b04 mixed mode windows-amd64 compressed oops)
Heap
 PSYoungGen      total 169984K, used 104942K [0x00000000eaa80000, 0x00000000fbc80000, 0x0000000100000000)
  eden space 129536K, 81% used [0x00000000eaa80000,0x00000000f10fba80,0x00000000f2900000)
  from space 40448K, 0% used [0x00000000f6300000,0x00000000f6300000,0x00000000f8a80000)
  to   space 59392K, 0% used [0x00000000f2900000,0x00000000f2900000,0x00000000f6300000)
 ParOldGen       total 65536K, used 65246K [0x00000000c0000000, 0x00000000c4000000, 0x00000000eaa80000)
  object space 65536K, 99% used [0x00000000c0000000,0x00000000c3fb7858,0x00000000c4000000)
 PSPermGen       total 21504K, used 5376K [0x00000000bae00000, 0x00000000bc300000, 0x00000000c0000000)
  object space 21504K, 25% used [0x00000000bae00000,0x00000000bb3400a0,0x00000000bc300000)
GC Heap History (10 events):
Event: 18.183 GC heap before
{Heap before GC invocations=17 (full 9):
 PSYoungGen      total 169984K, used 129536K [0x00000000eaa80000, 0x00000000fbc80000, 0x0000000100000000)
  eden space 129536K, 100% used [0x00000000eaa80000,0x00000000f2900000,0x00000000f2900000)
  from space 40448K, 0% used [0x00000000f6300000,0x00000000f6300000,0x00000000f8a80000)
  to   space 59392K, 0% used [0x00000000f2900000,0x00000000f2900000,0x00000000f6300000)
 ParOldGen       total 65536K, used 65254K [0x00000000c0000000, 0x00000000c4000000, 0x00000000eaa80000)
  object space 65536K, 99% used [0x00000000c0000000,0x00000000c3fb9868,0x00000000c4000000)
 PSPermGen       total 21504K, used 5337K [0x00000000bae00000, 0x00000000bc300000, 0x00000000c0000000)
  object space 21504K, 24% used [0x00000000bae00000,0x00000000bb3365d8,0x00000000bc300000)
Event: 18.418 GC heap after
Heap after GC invocations=17 (full 9):
 PSYoungGen      total 169984K, used 60195K [0x00000000eaa80000, 0x00000000fbc80000, 0x0000000100000000)
  eden space 129536K, 46% used [0x00000000eaa80000,0x00000000ee548fc0,0x00000000f2900000)
  from space 40448K, 0% used [0x00000000f6300000,0x00000000f6300000,0x00000000f8a80000)
  to   space 59392K, 0% used [0x00000000f2900000,0x00000000f2900000,0x00000000f6300000)
 ParOldGen       total 65536K, used 65254K [0x00000000c0000000, 0x00000000c4000000, 0x00000000eaa80000)
  object space 65536K, 99% used [0x00000000c0000000,0x00000000c3fb9868,0x00000000c4000000)
 PSPermGen       total 21504K, used 5337K [0x00000000bae00000, 0x00000000bc300000, 0x00000000c0000000)
  object space 21504K, 24% used [0x00000000bae00000,0x00000000bb3365d8,0x00000000bc300000)
}
Event: 18.820 GC heap before
{Heap before GC invocations=18 (full 10):
 PSYoungGen      total 169984K, used 129536K [0x00000000eaa80000, 0x00000000fbc80000, 0x0000000100000000)
  eden space 129536K, 100% used [0x00000000eaa80000,0x00000000f2900000,0x00000000f2900000)
  from space 40448K, 0% used [0x00000000f6300000,0x00000000f6300000,0x00000000f8a80000)
  to   space 59392K, 0% used [0x00000000f2900000,0x00000000f2900000,0x00000000f6300000)
 ParOldGen       total 65536K, used 65254K [0x00000000c0000000, 0x00000000c4000000, 0x00000000eaa80000)
  object space 65536K, 99% used [0x00000000c0000000,0x00000000c3fb9868,0x00000000c4000000)
 PSPermGen       total 21504K, used 5343K [0x00000000bae00000, 0x00000000bc300000, 0x00000000c0000000)
  object space 21504K, 24% used [0x00000000bae00000,0x00000000bb337e98,0x00000000bc300000)
Event: 19.181 GC heap after
Heap after GC invocations=18 (full 10):
 PSYoungGen      total 169984K, used 50753K [0x00000000eaa80000, 0x00000000fbc80000, 0x0000000100000000)
  eden space 129536K, 39% used [0x00000000eaa80000,0x00000000edc10480,0x00000000f2900000)
  from space 40448K, 0% used [0x00000000f6300000,0x00000000f6300000,0x00000000f8a80000)
  to   space 59392K, 0% used [0x00000000f2900000,0x00000000f2900000,0x00000000f6300000)
 ParOldGen       total 65536K, used 65254K [0x00000000c0000000, 0x00000000c4000000, 0x00000000eaa80000)
  object space 65536K, 99% used [0x00000000c0000000,0x00000000c3fb9868,0x00000000c4000000)
 PSPermGen       total 21504K, used 5343K [0x00000000bae00000, 0x00000000bc300000, 0x00000000c0000000)
  object space 21504K, 24% used [0x00000000bae00000,0x00000000bb337e78,0x00000000bc300000)
}
Event: 19.345 GC heap before
{Heap before GC invocations=19 (full 11):
 PSYoungGen      total 169984K, used 129536K [0x00000000eaa80000, 0x00000000fbc80000, 0x0000000100000000)
  eden space 129536K, 100% used [0x00000000eaa80000,0x00000000f2900000,0x00000000f2900000)
  from space 40448K, 0% used [0x00000000f6300000,0x00000000f6300000,0x00000000f8a80000)
  to   space 59392K, 0% used [0x00000000f2900000,0x00000000f2900000,0x00000000f6300000)
 ParOldGen       total 65536K, used 65254K [0x00000000c0000000, 0x00000000c4000000, 0x00000000eaa80000)
  object space 65536K, 99% used [0x00000000c0000000,0x00000000c3fb9868,0x00000000c4000000)
 PSPermGen       total 21504K, used 5343K [0x00000000bae00000, 0x00000000bc300000, 0x00000000c0000000)
  object space 21504K, 24% used [0x00000000bae00000,0x00000000bb337e78,0x00000000bc300000)
Event: 19.603 GC heap after
Heap after GC invocations=19 (full 11):
 PSYoungGen      total 169984K, used 34686K [0x00000000eaa80000, 0x00000000fbc80000, 0x0000000100000000)
  eden space 129536K, 26% used [0x00000000eaa80000,0x00000000ecc5fb28,0x00000000f2900000)
  from space 40448K, 0% used [0x00000000f6300000,0x00000000f6300000,0x00000000f8a80000)
  to   space 59392K, 0% used [0x00000000f2900000,0x00000000f2900000,0x00000000f6300000)
 ParOldGen       total 65536K, used 65254K [0x00000000c0000000, 0x00000000c4000000, 0x00000000eaa80000)
  object space 65536K, 99% used [0x00000000c0000000,0x00000000c3fb9868,0x00000000c4000000)
 PSPermGen       total 21504K, used 5343K [0x00000000bae00000, 0x00000000bc300000, 0x00000000c0000000)
  object space 21504K, 24% used [0x00000000bae00000,0x00000000bb337e78,0x00000000bc300000)
}
Event: 19.973 GC heap before
{Heap before GC invocations=20 (full 12):
 PSYoungGen      total 169984K, used 129536K [0x00000000eaa80000, 0x00000000fbc80000, 0x0000000100000000)
  eden space 129536K, 100% used [0x00000000eaa80000,0x00000000f2900000,0x00000000f2900000)
  from space 40448K, 0% used [0x00000000f6300000,0x00000000f6300000,0x00000000f8a80000)
  to   space 59392K, 0% used [0x00000000f2900000,0x00000000f2900000,0x00000000f6300000)
 ParOldGen       total 65536K, used 65254K [0x00000000c0000000, 0x00000000c4000000, 0x00000000eaa80000)
  object space 65536K, 99% used [0x00000000c0000000,0x00000000c3fb9868,0x00000000c4000000)
 PSPermGen       total 21504K, used 5344K [0x00000000bae00000, 0x00000000bc300000, 0x00000000c0000000)
  object space 21504K, 24% used [0x00000000bae00000,0x00000000bb338018,0x00000000bc300000)
Event: 20.273 GC heap after
Heap after GC invocations=20 (full 12):
 PSYoungGen      total 169984K, used 76003K [0x00000000eaa80000, 0x00000000fbc80000, 0x0000000100000000)
  eden space 129536K, 58% used [0x00000000eaa80000,0x00000000ef4b8dd8,0x00000000f2900000)
  from space 40448K, 0% used [0x00000000f6300000,0x00000000f6300000,0x00000000f8a80000)
  to   space 59392K, 0% used [0x00000000f2900000,0x00000000f2900000,0x00000000f6300000)
 ParOldGen       total 65536K, used 65254K [0x00000000c0000000, 0x00000000c4000000, 0x00000000eaa80000)
  object space 65536K, 99% used [0x00000000c0000000,0x00000000c3fb9868,0x00000000c4000000)
 PSPermGen       total 21504K, used 5344K [0x00000000bae00000, 0x00000000bc300000, 0x00000000c0000000)
  object space 21504K, 24% used [0x00000000bae00000,0x00000000bb338018,0x00000000bc300000)
}
Event: 20.471 GC heap before
{Heap before GC invocations=21 (full 13):
 PSYoungGen      total 169984K, used 129536K [0x00000000eaa80000, 0x00000000fbc80000, 0x0000000100000000)
  eden space 129536K, 100% used [0x00000000eaa80000,0x00000000f2900000,0x00000000f2900000)
  from space 40448K, 0% used [0x00000000f6300000,0x00000000f6300000,0x00000000f8a80000)
  to   space 59392K, 0% used [0x00000000f2900000,0x00000000f2900000,0x00000000f6300000)
 ParOldGen       total 65536K, used 65254K [0x00000000c0000000, 0x00000000c4000000, 0x00000000eaa80000)
  object space 65536K, 99% used [0x00000000c0000000,0x00000000c3fb9868,0x00000000c4000000)
 PSPermGen       total 21504K, used 5352K [0x00000000bae00000, 0x00000000bc300000, 0x00000000c0000000)
  object space 21504K, 24% used [0x00000000bae00000,0x00000000bb33a398,0x00000000bc300000)
Event: 20.778 GC heap after
Heap after GC invocations=21 (full 13):
 PSYoungGen      total 169984K, used 45927K [0x00000000eaa80000, 0x00000000fbc80000, 0x0000000100000000)
  eden space 129536K, 35% used [0x00000000eaa80000,0x00000000ed759e98,0x00000000f2900000)
  from space 40448K, 0% used [0x00000000f6300000,0x00000000f6300000,0x00000000f8a80000)
  to   space 59392K, 0% used [0x00000000f2900000,0x00000000f2900000,0x00000000f6300000)
 ParOldGen       total 65536K, used 65246K [0x00000000c0000000, 0x00000000c4000000, 0x00000000eaa80000)
  object space 65536K, 99% used [0x00000000c0000000,0x00000000c3fb7858,0x00000000c4000000)
 PSPermGen       total 21504K, used 5352K [0x00000000bae00000, 0x00000000bc300000, 0x00000000c0000000)
  object space 21504K, 24% used [0x00000000bae00000,0x00000000bb33a2f8,0x00000000bc300000)
}

